#
# There is insufficient memory for the Java Runtime Environment to continue.
# Native memory allocation (malloc) failed to allocate 1048576 bytes for AllocateHeap
# Possible reasons:
#   The system is out of physical RAM or swap space
#   In 32 bit mode, the process size limit was hit
# Possible solutions:
#   Reduce memory load on the system
#   Increase physical memory or swap space
#   Check if swap backing store is full
#   Use 64 bit Java on a 64 bit OS
#   Decrease Java heap size (-Xmx/-Xms)
#   Decrease number of Java threads
#   Decrease Java thread stack sizes (-Xss)
#   Set larger code cache with -XX:ReservedCodeCacheSize=
# This output file may be truncated or incomplete.
#
#  Out of Memory Error (memory/allocation.inline.hpp:61), pid=8064, tid=7368
#
# JRE version:  (8.0_45-b15) (build )
# Java VM: Java HotSpot(TM) 64-Bit Server VM (25.45-b02 mixed mode windows-amd64 compressed oops)
# Failed to write core dump. Minidumps are not enabled by default on client versions of Windows
#

---------------  T H R E A D  ---------------

Current thread (0x00000000023c0800):  JavaThread "Unknown thread" [_thread_in_vm, id=7368, stack(0x0000000002290000,0x0000000002390000)]

Stack: [0x0000000002290000,0x0000000002390000]
Native frames: (J=compiled Java code, j=interpreted, Vv=VM code, C=native code)
V  [jvm.dll+0x32b57a]
V  [jvm.dll+0x279873]
V  [jvm.dll+0x27a509]
V  [jvm.dll+0x271825]
V  [jvm.dll+0x1606]
V  [jvm.dll+0x3c08c2]
V  [jvm.dll+0x3eecb2]
V  [jvm.dll+0x3ef1bc]
V  [jvm.dll+0x3ea7a7]
V  [jvm.dll+0xf2cf2]
V  [jvm.dll+0x20f0c9]
V  [jvm.dll+0x240e0a]
V  [jvm.dll+0x15ba41]
C  [java.exe+0x216e]
C  [java.exe+0xcce7]
C  [java.exe+0xcd7b]
C  [KERNEL32.DLL+0x18102]
C  [ntdll.dll+0x5c5b4]


---------------  P R O C E S S  ---------------

Java Threads: ( => current thread )

Other Threads:

=>0x00000000023c0800 (exited) JavaThread "Unknown thread" [_thread_in_vm, id=7368, stack(0x0000000002290000,0x0000000002390000)]

VM state:not at safepoint (normal execution)

VM Mutex/Monitor currently owned by a thread: None

Heap:
 PSYoungGen      total 18944K, used 327K [0x000000076ab00000, 0x000000076c000000, 0x00000007c0000000)
  eden space 16384K, 2% used [0x000000076ab00000,0x000000076ab51ec8,0x000000076bb00000)
  from space 2560K, 0% used [0x000000076bd80000,0x000000076bd80000,0x000000076c000000)
  to   space 2560K, 0% used [0x000000076bb00000,0x000000076bb00000,0x000000076bd80000)
 ParOldGen       total 44032K, used 0K [0x00000006c0000000, 0x00000006c2b00000, 0x000000076ab00000)
  object space 44032K, 0% used [0x00000006c0000000,0x00000006c0000000,0x00000006c2b00000)
 Metaspace       used 766K, capacity 4480K, committed 4480K, reserved 1056768K
  class space    used 75K, capacity 384K, committed 384K, reserved 1048576K

Card table byte_map: [0x0000000011880000,0x0000000012090000] byte_map_base: 0x000000000e280000

Marking Bits: (ParMarkBitMap*) 0x0000000074cc4040
 Begin Bits: [0x00000000129f0000, 0x00000000169f0000)
 End Bits:   [0x00000000169f0000, 0x000000001a9f0000)

Polling page: 0x0000000000800000

CodeCache: size=245760Kb used=328Kb max_used=328Kb free=245431Kb
 bounds [0x00000000024c0000, 0x0000000002730000, 0x00000000114c0000]
 total_blobs=57 nmethods=0 adapters=37
 compilation: enabled

Compilation events (0 events):
No events

GC Heap History (0 events):
No events

Deoptimization events (0 events):
No events

Internal exceptions (0 events):
No events

Events (10 events):
Event: 0.102 loading class java/lang/Short
Event: 0.102 loading class java/lang/Short done
Event: 0.102 loading class java/lang/Integer
Event: 0.102 loading class java/lang/Integer done
Event: 0.102 loading class java/lang/Long
Event: 0.102 loading class java/lang/Long done
Event: 0.103 loading class java/lang/NullPointerException
Event: 0.103 loading class java/lang/NullPointerException done
Event: 0.103 loading class java/lang/ArithmeticException
Event: 0.103 loading class java/lang/ArithmeticException done


Dynamic libraries:
0x00007ff68fdf0000 - 0x00007ff68fe27000 	C:\Program Files\Java\jdk1.8.0_45\bin\java.exe
0x00007ffc81f60000 - 0x00007ffc82121000 	C:\WINDOWS\SYSTEM32\ntdll.dll
0x00007ffc817b0000 - 0x00007ffc8185d000 	C:\WINDOWS\system32\KERNEL32.DLL
0x00007ffc7e6d0000 - 0x00007ffc7e8b8000 	C:\WINDOWS\system32\KERNELBASE.dll
0x00007ffc80fd0000 - 0x00007ffc81077000 	C:\WINDOWS\system32\ADVAPI32.dll
0x00007ffc81860000 - 0x00007ffc818fd000 	C:\WINDOWS\system32\msvcrt.dll
0x00007ffc7f4b0000 - 0x00007ffc7f50b000 	C:\WINDOWS\system32\sechost.dll
0x00007ffc7f510000 - 0x00007ffc7f62c000 	C:\WINDOWS\system32\RPCRT4.dll
0x00007ffc81a80000 - 0x00007ffc81bd6000 	C:\WINDOWS\system32\USER32.dll
0x00007ffc81cc0000 - 0x00007ffc81e46000 	C:\WINDOWS\system32\GDI32.dll
0x00007ffc72930000 - 0x00007ffc72ba4000 	C:\WINDOWS\WinSxS\amd64_microsoft.windows.common-controls_6595b64144ccf1df_6.0.10586.494_none_a2d8b04ea53e3145\COMCTL32.dll
0x00007ffc7f630000 - 0x00007ffc7f8ad000 	C:\WINDOWS\system32\combase.dll
0x00007ffc7eb40000 - 0x00007ffc7ebaa000 	C:\WINDOWS\system32\bcryptPrimitives.dll
0x00007ffc81900000 - 0x00007ffc8193b000 	C:\WINDOWS\system32\IMM32.DLL
0x0000000073db0000 - 0x0000000073e82000 	C:\Program Files\Java\jdk1.8.0_45\jre\bin\msvcr100.dll
0x00000000744c0000 - 0x0000000074d43000 	C:\Program Files\Java\jdk1.8.0_45\jre\bin\server\jvm.dll
0x00007ffc81c50000 - 0x00007ffc81c58000 	C:\WINDOWS\system32\PSAPI.DLL
0x00007ffc7aae0000 - 0x00007ffc7aae9000 	C:\WINDOWS\SYSTEM32\WSOCK32.dll
0x00007ffc81740000 - 0x00007ffc817ab000 	C:\WINDOWS\system32\WS2_32.dll
0x00007ffc7c500000 - 0x00007ffc7c523000 	C:\WINDOWS\SYSTEM32\WINMM.dll
0x00007ffc73b50000 - 0x00007ffc73b5a000 	C:\WINDOWS\SYSTEM32\VERSION.dll
0x00007ffc7c4a0000 - 0x00007ffc7c4cc000 	C:\WINDOWS\SYSTEM32\WINMMBASE.dll
0x00007ffc7f310000 - 0x00007ffc7f353000 	C:\WINDOWS\system32\cfgmgr32.dll
0x00000000744b0000 - 0x00000000744bf000 	C:\Program Files\Java\jdk1.8.0_45\jre\bin\verify.dll
0x0000000074480000 - 0x00000000744a9000 	C:\Program Files\Java\jdk1.8.0_45\jre\bin\java.dll
0x0000000074460000 - 0x0000000074476000 	C:\Program Files\Java\jdk1.8.0_45\jre\bin\zip.dll
0x00007ffc7ab10000 - 0x00007ffc7ac9c000 	C:\WINDOWS\SYSTEM32\dbghelp.dll

VM Arguments:
jvm_args: -Djava.awt.headless=true -Xmx4g -Dfile.encoding=windows-1252 -Duser.country=US -Duser.language=en -Duser.variant 
java_command: com.android.dx.command.Main --dex --force-jumbo --num-threads=4 --output C:\Users\UNKNOWN\AndroidStudioProjects\FLICKSTERPROJECT\app\build\intermediates\pre-dexed\debug\internal_impl-23.4.0_aa409aa7365c04e1d52cbddaefde907de1a3ceac.jar C:\Users\UNKNOWN\AndroidStudioProjects\FLICKSTERPROJECT\app\build\intermediates\exploded-aar\com.android.support\support-v4\23.4.0\jars\libs\internal_impl-23.4.0.jar
java_class_path (initial): C:\Users\UNKNOWN\AppData\Local\Android\sdk\build-tools\23.0.3\lib\dx.jar
Launcher Type: SUN_STANDARD

Environment Variables:
PATH=C:\Program Files (x86)\PC Connectivity Solution\;C:\ProgramData\Oracle\Java\javapath;C:\WINDOWS\system32;C:\WINDOWS\system32;C:\Program Files\Git\cmd;
USERNAME=UNKNOWN
OS=Windows_NT
PROCESSOR_IDENTIFIER=Intel64 Family 6 Model 58 Stepping 9, GenuineIntel



---------------  S Y S T E M  ---------------

OS: Windows 10.0 , 64 bit Build 10586 (10.0.10586.0)

CPU:total 4 (2 cores per cpu, 2 threads per core) family 6 model 58 stepping 9, cmov, cx8, fxsr, mmx, sse, sse2, sse3, ssse3, sse4.1, sse4.2, popcnt, avx, aes, clmul, erms, ht, tsc, tscinvbit, tscinv

Memory: 4k page, physical 4066664k(327968k free), swap 8260968k(262896k free)

vm_info: Java HotSpot(TM) 64-Bit Server VM (25.45-b02) for windows-amd64 JRE (1.8.0_45-b15), built on Apr 30 2015 12:40:44 by "java_re" with MS VC++ 10.0 (VS2010)

time: Sun Jul 17 14:30:31 2016
elapsed time: 2 seconds (0d 0h 0m 2s)

